{"total": {"lines":{"total":220,"covered":220,"skipped":0,"pct":100},"statements":{"total":254,"covered":245,"skipped":0,"pct":96.45},"functions":{"total":103,"covered":93,"skipped":0,"pct":90.29},"branches":{"total":76,"covered":76,"skipped":0,"pct":100},"branchesTrue":{"total":0,"covered":0,"skipped":0,"pct":100}}
,"C:\\Users\\Jlp02\\Documents\\core\\src\\primitives.ts": {"lines":{"total":47,"covered":47,"skipped":0,"pct":100},"functions":{"total":31,"covered":22,"skipped":0,"pct":70.96},"statements":{"total":67,"covered":59,"skipped":0,"pct":88.05},"branches":{"total":5,"covered":5,"skipped":0,"pct":100}}
,"C:\\Users\\Jlp02\\Documents\\core\\src\\classes\\Attribute.ts": {"lines":{"total":23,"covered":23,"skipped":0,"pct":100},"functions":{"total":9,"covered":9,"skipped":0,"pct":100},"statements":{"total":24,"covered":24,"skipped":0,"pct":100},"branches":{"total":12,"covered":12,"skipped":0,"pct":100}}
,"C:\\Users\\Jlp02\\Documents\\core\\src\\classes\\Block.ts": {"lines":{"total":31,"covered":31,"skipped":0,"pct":100},"functions":{"total":12,"covered":12,"skipped":0,"pct":100},"statements":{"total":33,"covered":33,"skipped":0,"pct":100},"branches":{"total":24,"covered":24,"skipped":0,"pct":100}}
,"C:\\Users\\Jlp02\\Documents\\core\\src\\classes\\Events.ts": {"lines":{"total":18,"covered":18,"skipped":0,"pct":100},"functions":{"total":10,"covered":10,"skipped":0,"pct":100},"statements":{"total":19,"covered":19,"skipped":0,"pct":100},"branches":{"total":7,"covered":7,"skipped":0,"pct":100}}
,"C:\\Users\\Jlp02\\Documents\\core\\src\\classes\\Serializable.ts": {"lines":{"total":4,"covered":4,"skipped":0,"pct":100},"functions":{"total":2,"covered":2,"skipped":0,"pct":100},"statements":{"total":4,"covered":4,"skipped":0,"pct":100},"branches":{"total":0,"covered":0,"skipped":0,"pct":100}}
,"C:\\Users\\Jlp02\\Documents\\core\\src\\classes\\Serializer.ts": {"lines":{"total":7,"covered":7,"skipped":0,"pct":100},"functions":{"total":2,"covered":2,"skipped":0,"pct":100},"statements":{"total":7,"covered":7,"skipped":0,"pct":100},"branches":{"total":1,"covered":1,"skipped":0,"pct":100}}
,"C:\\Users\\Jlp02\\Documents\\core\\src\\classes\\Types.ts": {"lines":{"total":90,"covered":90,"skipped":0,"pct":100},"functions":{"total":37,"covered":36,"skipped":0,"pct":97.29},"statements":{"total":100,"covered":99,"skipped":0,"pct":99},"branches":{"total":27,"covered":27,"skipped":0,"pct":100}}
}
