TN:
SF:src\primitives.ts
FN:4,(anonymous_0)
FN:5,(anonymous_1)
FN:8,(anonymous_2)
FN:9,(anonymous_3)
FN:11,(anonymous_4)
FN:12,(anonymous_5)
FNF:6
FNH:6
FNDA:25,(anonymous_0)
FNDA:15,(anonymous_1)
FNDA:28,(anonymous_2)
FNDA:43,(anonymous_3)
FNDA:54,(anonymous_4)
FNDA:8,(anonymous_5)
DA:2,1
DA:4,25
DA:5,15
DA:6,1
DA:8,28
DA:9,43
DA:11,54
DA:12,8
LF:8
LH:8
BRDA:8,0,0,28
BRDA:8,0,1,8
BRDA:8,0,2,8
BRDA:9,1,0,43
BRDA:9,1,1,29
BRF:5
BRH:5
end_of_record
TN:
SF:src\classes\Type.ts
FN:9,(anonymous_0)
FN:16,(anonymous_1)
FN:20,(anonymous_2)
FN:26,(anonymous_3)
FN:34,(anonymous_4)
FN:41,(anonymous_5)
FN:47,(anonymous_6)
FN:50,(anonymous_7)
FN:51,(anonymous_8)
FN:56,(anonymous_9)
FN:63,(anonymous_10)
FN:70,(anonymous_11)
FN:76,(anonymous_12)
FN:91,(anonymous_13)
FN:96,(anonymous_14)
FN:107,(anonymous_15)
FN:134,(anonymous_16)
FN:141,(anonymous_17)
FN:146,(anonymous_18)
FN:149,(anonymous_19)
FNF:20
FNH:20
FNDA:6,(anonymous_0)
FNDA:173,(anonymous_1)
FNDA:186,(anonymous_2)
FNDA:102,(anonymous_3)
FNDA:12,(anonymous_4)
FNDA:42,(anonymous_5)
FNDA:48,(anonymous_6)
FNDA:75,(anonymous_7)
FNDA:103,(anonymous_8)
FNDA:14,(anonymous_9)
FNDA:1,(anonymous_10)
FNDA:6,(anonymous_11)
FNDA:9,(anonymous_12)
FNDA:13,(anonymous_13)
FNDA:31,(anonymous_14)
FNDA:4,(anonymous_15)
FNDA:3,(anonymous_16)
FNDA:18,(anonymous_17)
FNDA:58,(anonymous_18)
FNDA:7,(anonymous_19)
DA:2,1
DA:8,1
DA:10,6
DA:11,6
DA:13,6
DA:17,173
DA:21,186
DA:22,33
DA:25,153
DA:26,102
DA:29,96
DA:33,1
DA:35,12
DA:36,12
DA:38,12
DA:42,42
DA:43,7
DA:47,48
DA:51,103
DA:55,1
DA:57,14
DA:58,14
DA:60,14
DA:64,1
DA:71,6
DA:72,2
DA:75,4
DA:76,2
DA:77,9
DA:78,9
DA:80,9
DA:81,1
DA:84,8
DA:88,2
DA:92,13
DA:93,3
DA:96,10
DA:97,31
DA:99,31
DA:101,31
DA:106,1
DA:108,3
DA:111,4
DA:112,4
DA:113,8
DA:114,10
DA:115,10
DA:116,10
DA:117,4
DA:119,1
DA:122,3
DA:124,6
DA:129,3
DA:133,1
DA:135,3
DA:136,3
DA:138,3
DA:142,18
DA:143,2
DA:146,58
DA:150,7
DA:151,2
DA:154,5
DA:155,3
DA:158,2
LF:65
LH:65
BRDA:21,0,0,33
BRDA:25,1,0,57
BRDA:42,2,0,7
BRDA:71,3,0,2
BRDA:75,4,0,2
BRDA:80,5,0,1
BRDA:92,6,0,3
BRDA:92,7,0,13
BRDA:92,7,1,11
BRDA:116,8,0,4
BRDA:116,8,1,6
BRDA:117,9,0,1
BRDA:117,10,0,4
BRDA:117,10,1,2
BRDA:122,11,0,1
BRDA:122,11,1,2
BRDA:142,12,0,2
BRDA:150,13,0,2
BRDA:154,14,0,3
BRF:19
BRH:19
end_of_record
